[Jarvis] Processing 1 code block(s) from from_shell_1759324325.md
[Workspace] /home/andhe001/Jarvis/workspace

========================================================================
[Block 1] lang=bash
------------------------------------------------------------------------
echo "Hello from bash"
mkdir -p demo && echo "file.txt" > demo/.keep
ls -la

print("Hello from python")
open("python_was_here.txt","w").write("ok")

CREATE TABLE IF NOT EXISTS notes(id INTEGER PRIMARY KEY, body TEXT);
INSERT INTO notes(body) VALUES ('hi from sql');
SELECT * FROM notes;

[Exit Code] 2
[STDOUT]
Hello from bash
total 100
drwxrwxr-x 11 andhe001 andhe001  4096 Oct  1 14:07 .
drwxrwxr-x 15 andhe001 andhe001  4096 Oct  1 12:15 ..
drwxrwxr-x  2 andhe001 andhe001  4096 Sep 30 22:15 archive
lrwxrwxrwx  1 andhe001 andhe001     6 Oct  1 11:22 bin -> ../bin
drwxrwxr-x  2 andhe001 andhe001  4096 Oct  1 14:07 demo
drwxrwxr-x 13 andhe001 andhe001  4096 Sep 30 21:03 extracted
-rw-rw-r--  1 andhe001 andhe001   110 Sep 30 16:09 fixed_20250930_150802_block_01.sh
-rw-rw-r--  1 andhe001 andhe001 12670 Sep 30 17:53 fixed_20250930_165220_laptest_hello.sh
drwxrwxr-x  8 andhe001 andhe001  4096 Oct  1 14:12 .git
-rw-rw-r--  1 andhe001 andhe001    31 Sep 28 16:43 .gitignore
drwxrwxr-x  2 andhe001 andhe001  4096 Sep 28 17:36 inbox
-rwxrwxr-x  1 andhe001 andhe001  1628 Sep 28 17:36 jarvis_cmd_processor.py
drwxrwxr-x  2 andhe001 andhe001  4096 Oct  1 13:49 journals
-rw-rw-r--  1 andhe001 andhe001    41 Sep 30 13:36 op_20250930_133628_01.sh
drwxrwxr-x  2 andhe001 andhe001  4096 Sep 28 17:36 processed
-rw-rw-r--  1 andhe001 andhe001   259 Oct  1 11:22 prompt_schema.json
-rw-rw-r--  1 andhe001 andhe001    58 Sep 28 16:51 README.md
drwxrwxr-x 20 andhe001 andhe001 12288 Oct  1 14:12 results
-rwxr-xr-x  1 andhe001 andhe001   324 Oct  1 14:12 run_block.sh
-rwxrwxr-x  1 andhe001 andhe001   402 Sep 29 23:44 setup_git.sh
drwxrwxr-x  2 andhe001 andhe001  4096 Sep 28 18:32 skills
[STDERR]
/home/andhe001/Jarvis/workspace/run_block.sh: line 7: syntax error near unexpected token `"Hello from python"'
