[BLOCKED] /home/andhe001/Jarvis/inbox/paste_everything.md.plan.json
[BLOCKED] /home/andhe001/Jarvis/inbox/paste_everything.md.plan.json
[BLOCKED] /home/andhe001/Jarvis/inbox/paste_everything.md.pending
[BLOCKED] /home/andhe001/Jarvis/inbox/paste_everything.md.pending
[BLOCKED] /home/andhe001/Jarvis/inbox/paste_everything.md.approve
[BLOCKED] /home/andhe001/Jarvis/inbox/paste_everything.md.approve
[BLOCKED] /home/andhe001/Jarvis/inbox/test_full.md.plan.json
[BLOCKED] /home/andhe001/Jarvis/inbox/test_full.md.plan.json
[BLOCKED] /home/andhe001/Jarvis/inbox/test_full.md.pending
[BLOCKED] /home/andhe001/Jarvis/inbox/test_full.md.pending
[BLOCKED] /home/andhe001/Jarvis/inbox/test_full.md.approve
[BLOCKED] /home/andhe001/Jarvis/inbox/test_full.md.approve
[BLOCKED] /home/andhe001/Jarvis/inbox/full_paste.md.plan.json
[BLOCKED] /home/andhe001/Jarvis/inbox/full_paste.md.plan.json
[BLOCKED] /home/andhe001/Jarvis/inbox/full_paste.md.pending
[BLOCKED] /home/andhe001/Jarvis/inbox/full_paste.md.pending
[BLOCKED] /home/andhe001/Jarvis/inbox/full_paste.md.approve
[BLOCKED] /home/andhe001/Jarvis/inbox/full_paste.md.approve
[BLOCKED] /home/andhe001/Jarvis/inbox/test_message.md.plan.json
[BLOCKED] /home/andhe001/Jarvis/inbox/test_message.md.plan.json
[BLOCKED] /home/andhe001/Jarvis/inbox/test_message.md.pending
[BLOCKED] /home/andhe001/Jarvis/inbox/test_message.md.pending
[BLOCKED] /home/andhe001/Jarvis/inbox/test_message.md.approve
[BLOCKED] /home/andhe001/Jarvis/inbox/test_message.md.approve
