[Jarvis] Processing 1 code block(s) from from_shell_1759325375.md
[Workspace] /home/andhe001/Jarvis/workspace

========================================================================
[Block 1] lang=bash
------------------------------------------------------------------------
# Clear stale lock
rm -f ~/Jarvis/workspace/.git/index.lock

# Make sure Git is initialized correctly
cd ~/Jarvis/workspace
git status

[Exit Code] 0
[STDOUT]
On branch main
Changes not staged for commit:
  (use "git add <file>..." to update what will be committed)
  (use "git restore <file>..." to discard changes in working directory)
	modified:   run_block.sh

Untracked files:
  (use "git add <file>..." to include in what will be committed)
	results/run_20251001_142935.log

no changes added to commit (use "git add" and/or "git commit -a")
