[Jarvis] Processing 1 code block(s) from from_shell_1759325241.md
[Workspace] /home/andhe001/Jarvis/workspace

========================================================================
[Block 1] lang=bash
------------------------------------------------------------------------
# Ensure we have *something* to commit (safe no-op if README exists)
[ -f ~/Jarvis/workspace/README.md ] || cat > ~/Jarvis/workspace/README.md <<'MD'
# Jarvis Workspace
Automated by Jarvis (hands-off). This workspace mirrors what I paste into the terminal.
MD

# If your script is present, use it; otherwise inline the same logic.
if [ -x ~/Jarvis/workspace/setup_git.sh ]; then
  bash ~/Jarvis/workspace/setup_git.sh
else
  cd ~/Jarvis/workspace
  git init
  git branch -M main
  git remote remove origin 2>/dev/null || true
  git remote add origin git@github.com:andybahtwin-maker/jarvis.git
  grep -q '^\.env$' .gitignore || cat <<GI >> .gitignore
.env
.env.*
!.env.example
GI
  git add .
  git commit -m "Jarvis workspace init/update" || true
  git push -u origin main
fi

# Friendly summary
echo "[OK] Pushed ~/Jarvis/workspace → github.com/andybahtwin-maker/jarvis (branch: main)"

[Exit Code] 1
[STDOUT]
Reinitialized existing Git repository in /home/andhe001/Jarvis/workspace/.git/
[main 02e324e] Jarvis workspace init/update
 3 files changed, 50 insertions(+)
 create mode 100644 results/run_1759325241.log
 create mode 100644 results/run_20251001_142758.log
[STDERR]
To github.com:andybahtwin-maker/jarvis.git
 ! [rejected]        main -> main (fetch first)
error: failed to push some refs to 'github.com:andybahtwin-maker/jarvis.git'
hint: Updates were rejected because the remote contains work that you do not
hint: have locally. This is usually caused by another repository pushing to
hint: the same ref. If you want to integrate the remote changes, use
hint: 'git pull' before pushing again.
hint: See the 'Note about fast-forwards' in 'git push --help' for details.
