[Jarvis] Processing 1 code block(s) from from_shell_1759325385.md
[Workspace] /home/andhe001/Jarvis/workspace

========================================================================
[Block 1] lang=bash
------------------------------------------------------------------------
cd ~/Jarvis/workspace
git add .
git commit -m "Jarvis auto-update $(date +%F_%T)" || true
git branch -M main
git remote remove origin 2>/dev/null || true
git remote add origin git@github.com:andybahtwin-maker/jarvis.git
git push -u origin main

[Exit Code] 1
[STDOUT]
[main 65be91e] Jarvis auto-update 2025-10-01_14:29:57
 2 files changed, 30 insertions(+)
 create mode 100644 results/run_1759325385.log
 create mode 100644 results/run_20251001_142957.log
[STDERR]
To github.com:andybahtwin-maker/jarvis.git
 ! [rejected]        main -> main (fetch first)
error: failed to push some refs to 'github.com:andybahtwin-maker/jarvis.git'
hint: Updates were rejected because the remote contains work that you do not
hint: have locally. This is usually caused by another repository pushing to
hint: the same ref. If you want to integrate the remote changes, use
hint: 'git pull' before pushing again.
hint: See the 'Note about fast-forwards' in 'git push --help' for details.
